<?xml version="1.0" encoding="UTF-8"?>
<testsuites name="jest tests" tests="760" failures="0" time="58.833">
  <testsuite name="positionUtils" errors="0" failures="0" skipped="0" timestamp="2020-07-29T17:37:33" time="2.38" tests="125">
    <testcase classname="positionUtils calculatePosition returns an object with three key-value pairs" name="positionUtils calculatePosition returns an object with three key-value pairs" time="0.003">
    </testcase>
    <testcase classname="positionUtils calculatePosition when the reference element is on the top Align.Top Align.Top respositions to Align.Bottom based on available space" name="positionUtils calculatePosition when the reference element is on the top Align.Top Align.Top respositions to Align.Bottom based on available space" time="0.001">
    </testcase>
    <testcase classname="positionUtils calculatePosition when the reference element is on the top Align.Top Justify.Fit works" name="positionUtils calculatePosition when the reference element is on the top Align.Top Justify.Fit works" time="0.001">
    </testcase>
    <testcase classname="positionUtils calculatePosition when the reference element is on the top Align.Right Justify.Start works" name="positionUtils calculatePosition when the reference element is on the top Align.Right Justify.Start works" time="0.002">
    </testcase>
    <testcase classname="positionUtils calculatePosition when the reference element is on the top Align.Right Justify.Middle repositions to Justify.Start based on available space" name="positionUtils calculatePosition when the reference element is on the top Align.Right Justify.Middle repositions to Justify.Start based on available space" time="0">
    </testcase>
    <testcase classname="positionUtils calculatePosition when the reference element is on the top Align.Right Justify.Bottom repositions to Justify.Start based on available space" name="positionUtils calculatePosition when the reference element is on the top Align.Right Justify.Bottom repositions to Justify.Start based on available space" time="0.001">
    </testcase>
    <testcase classname="positionUtils calculatePosition when the reference element is on the top Align.Right Justify.Fit works" name="positionUtils calculatePosition when the reference element is on the top Align.Right Justify.Fit works" time="0.001">
    </testcase>
    <testcase classname="positionUtils calculatePosition when the reference element is on the top Align.Bottom Justify.Start works" name="positionUtils calculatePosition when the reference element is on the top Align.Bottom Justify.Start works" time="0.001">
    </testcase>
    <testcase classname="positionUtils calculatePosition when the reference element is on the top Align.Bottom Justify.Middle works" name="positionUtils calculatePosition when the reference element is on the top Align.Bottom Justify.Middle works" time="0.001">
    </testcase>
    <testcase classname="positionUtils calculatePosition when the reference element is on the top Align.Bottom Justify.End works" name="positionUtils calculatePosition when the reference element is on the top Align.Bottom Justify.End works" time="0.001">
    </testcase>
    <testcase classname="positionUtils calculatePosition when the reference element is on the top Align.Bottom Justify.Fit works" name="positionUtils calculatePosition when the reference element is on the top Align.Bottom Justify.Fit works" time="0">
    </testcase>
    <testcase classname="positionUtils calculatePosition when the reference element is on the top Align.Left Justify.Start" name="positionUtils calculatePosition when the reference element is on the top Align.Left Justify.Start" time="0.001">
    </testcase>
    <testcase classname="positionUtils calculatePosition when the reference element is on the top Align.Left Justify.Center respositions to Justify.Start based on available space" name="positionUtils calculatePosition when the reference element is on the top Align.Left Justify.Center respositions to Justify.Start based on available space" time="0">
    </testcase>
    <testcase classname="positionUtils calculatePosition when the reference element is on the top Align.Left Justify.End respositions to Justify.Start based on available space" name="positionUtils calculatePosition when the reference element is on the top Align.Left Justify.End respositions to Justify.Start based on available space" time="0.001">
    </testcase>
    <testcase classname="positionUtils calculatePosition when the reference element is on the top Align.Left Justify.Fit works" name="positionUtils calculatePosition when the reference element is on the top Align.Left Justify.Fit works" time="0">
    </testcase>
    <testcase classname="positionUtils calculatePosition when the reference element is on the top Align.CenterVertical Align.CenterVertical respositions to Align.Bottom based on available space" name="positionUtils calculatePosition when the reference element is on the top Align.CenterVertical Align.CenterVertical respositions to Align.Bottom based on available space" time="0">
    </testcase>
    <testcase classname="positionUtils calculatePosition when the reference element is on the top Align.CenterVertical Justify.Fit works" name="positionUtils calculatePosition when the reference element is on the top Align.CenterVertical Justify.Fit works" time="0.001">
    </testcase>
    <testcase classname="positionUtils calculatePosition when the reference element is on the top Align.CenterHorizontal Justify.Start" name="positionUtils calculatePosition when the reference element is on the top Align.CenterHorizontal Justify.Start" time="0">
    </testcase>
    <testcase classname="positionUtils calculatePosition when the reference element is on the top Align.CenterHorizontal Justify.Center respositions to Justify.Start based on available space" name="positionUtils calculatePosition when the reference element is on the top Align.CenterHorizontal Justify.Center respositions to Justify.Start based on available space" time="0.001">
    </testcase>
    <testcase classname="positionUtils calculatePosition when the reference element is on the top Align.CenterHorizontal Justify.End respositions to Justify.Start based on available space" name="positionUtils calculatePosition when the reference element is on the top Align.CenterHorizontal Justify.End respositions to Justify.Start based on available space" time="0.002">
    </testcase>
    <testcase classname="positionUtils calculatePosition when the reference element is on the top Align.CenterHorizontal Justify.Fit works" name="positionUtils calculatePosition when the reference element is on the top Align.CenterHorizontal Justify.Fit works" time="0">
    </testcase>
    <testcase classname="positionUtils calculatePosition when the reference element is on the right Align.Top Justify.Start repositions to Justify.End based on available space" name="positionUtils calculatePosition when the reference element is on the right Align.Top Justify.Start repositions to Justify.End based on available space" time="0.001">
    </testcase>
    <testcase classname="positionUtils calculatePosition when the reference element is on the right Align.Top Justify.Middle repositions to Justify.Start based on available space" name="positionUtils calculatePosition when the reference element is on the right Align.Top Justify.Middle repositions to Justify.Start based on available space" time="0">
    </testcase>
    <testcase classname="positionUtils calculatePosition when the reference element is on the right Align.Top Justify.End works" name="positionUtils calculatePosition when the reference element is on the right Align.Top Justify.End works" time="0.001">
    </testcase>
    <testcase classname="positionUtils calculatePosition when the reference element is on the right Align.Top Justify.Fit works" name="positionUtils calculatePosition when the reference element is on the right Align.Top Justify.Fit works" time="0">
    </testcase>
    <testcase classname="positionUtils calculatePosition when the reference element is on the right Align.Right Align.Right respositions to Align.Left based on available space" name="positionUtils calculatePosition when the reference element is on the right Align.Right Align.Right respositions to Align.Left based on available space" time="0.001">
    </testcase>
    <testcase classname="positionUtils calculatePosition when the reference element is on the right Align.Bottom Justify.Start repositions to Justify.End based on available space" name="positionUtils calculatePosition when the reference element is on the right Align.Bottom Justify.Start repositions to Justify.End based on available space" time="0">
    </testcase>
    <testcase classname="positionUtils calculatePosition when the reference element is on the right Align.Bottom Justify.Middle repositions to Justify.End based on available space" name="positionUtils calculatePosition when the reference element is on the right Align.Bottom Justify.Middle repositions to Justify.End based on available space" time="0.001">
    </testcase>
    <testcase classname="positionUtils calculatePosition when the reference element is on the right Align.Bottom Justify.End works" name="positionUtils calculatePosition when the reference element is on the right Align.Bottom Justify.End works" time="0">
    </testcase>
    <testcase classname="positionUtils calculatePosition when the reference element is on the right Align.Bottom Justify.Fit works" name="positionUtils calculatePosition when the reference element is on the right Align.Bottom Justify.Fit works" time="0">
    </testcase>
    <testcase classname="positionUtils calculatePosition when the reference element is on the right Align.Left Justify.Start works" name="positionUtils calculatePosition when the reference element is on the right Align.Left Justify.Start works" time="0">
    </testcase>
    <testcase classname="positionUtils calculatePosition when the reference element is on the right Align.Left Justify.Middle works" name="positionUtils calculatePosition when the reference element is on the right Align.Left Justify.Middle works" time="0">
    </testcase>
    <testcase classname="positionUtils calculatePosition when the reference element is on the right Align.Left Justify.End works" name="positionUtils calculatePosition when the reference element is on the right Align.Left Justify.End works" time="0.001">
    </testcase>
    <testcase classname="positionUtils calculatePosition when the reference element is on the right Align.Left Justify.Fit works" name="positionUtils calculatePosition when the reference element is on the right Align.Left Justify.Fit works" time="0">
    </testcase>
    <testcase classname="positionUtils calculatePosition when the reference element is on the right Align.CenterVertical Justify.Start repositions to Justify.End based on available space" name="positionUtils calculatePosition when the reference element is on the right Align.CenterVertical Justify.Start repositions to Justify.End based on available space" time="0.001">
    </testcase>
    <testcase classname="positionUtils calculatePosition when the reference element is on the right Align.CenterVertical Justify.Middle repositions to Justify.Start based on available space" name="positionUtils calculatePosition when the reference element is on the right Align.CenterVertical Justify.Middle repositions to Justify.Start based on available space" time="0">
    </testcase>
    <testcase classname="positionUtils calculatePosition when the reference element is on the right Align.CenterVertical Justify.End works" name="positionUtils calculatePosition when the reference element is on the right Align.CenterVertical Justify.End works" time="0.001">
    </testcase>
    <testcase classname="positionUtils calculatePosition when the reference element is on the right Align.CenterVertical Justify.Fit works" name="positionUtils calculatePosition when the reference element is on the right Align.CenterVertical Justify.Fit works" time="0">
    </testcase>
    <testcase classname="positionUtils calculatePosition when the reference element is on the right Align.CenterHorizontal Align.CenterHorizontal respositions to Align.Left based on available space" name="positionUtils calculatePosition when the reference element is on the right Align.CenterHorizontal Align.CenterHorizontal respositions to Align.Left based on available space" time="0">
    </testcase>
    <testcase classname="positionUtils calculatePosition when reference element is on the bottom Align.Top Justify.Start works" name="positionUtils calculatePosition when reference element is on the bottom Align.Top Justify.Start works" time="0">
    </testcase>
    <testcase classname="positionUtils calculatePosition when reference element is on the bottom Align.Top Justify.Middle works" name="positionUtils calculatePosition when reference element is on the bottom Align.Top Justify.Middle works" time="0">
    </testcase>
    <testcase classname="positionUtils calculatePosition when reference element is on the bottom Align.Top Justify.End works" name="positionUtils calculatePosition when reference element is on the bottom Align.Top Justify.End works" time="0.001">
    </testcase>
    <testcase classname="positionUtils calculatePosition when reference element is on the bottom Align.Top Justify.Fit works" name="positionUtils calculatePosition when reference element is on the bottom Align.Top Justify.Fit works" time="0">
    </testcase>
    <testcase classname="positionUtils calculatePosition when reference element is on the bottom Align.Right Justify.Start repositions to Justify.End based on available space" name="positionUtils calculatePosition when reference element is on the bottom Align.Right Justify.Start repositions to Justify.End based on available space" time="0.001">
    </testcase>
    <testcase classname="positionUtils calculatePosition when reference element is on the bottom Align.Right Justify.Middle repositions to Justify.End based on available space" name="positionUtils calculatePosition when reference element is on the bottom Align.Right Justify.Middle repositions to Justify.End based on available space" time="0">
    </testcase>
    <testcase classname="positionUtils calculatePosition when reference element is on the bottom Align.Right Justify.End works" name="positionUtils calculatePosition when reference element is on the bottom Align.Right Justify.End works" time="0.001">
    </testcase>
    <testcase classname="positionUtils calculatePosition when reference element is on the bottom Align.Right Justify.Fit works" name="positionUtils calculatePosition when reference element is on the bottom Align.Right Justify.Fit works" time="0">
    </testcase>
    <testcase classname="positionUtils calculatePosition when reference element is on the bottom Align.Bottom Align.Bottom repositions to Align.Start based on available space" name="positionUtils calculatePosition when reference element is on the bottom Align.Bottom Align.Bottom repositions to Align.Start based on available space" time="0">
    </testcase>
    <testcase classname="positionUtils calculatePosition when reference element is on the bottom Align.Left Justify.Start repositions to Justify.End based on available space" name="positionUtils calculatePosition when reference element is on the bottom Align.Left Justify.Start repositions to Justify.End based on available space" time="0">
    </testcase>
    <testcase classname="positionUtils calculatePosition when reference element is on the bottom Align.Left Justify.Middle repositions to Justify.End based on available space" name="positionUtils calculatePosition when reference element is on the bottom Align.Left Justify.Middle repositions to Justify.End based on available space" time="0">
    </testcase>
    <testcase classname="positionUtils calculatePosition when reference element is on the bottom Align.Left Justify.End works" name="positionUtils calculatePosition when reference element is on the bottom Align.Left Justify.End works" time="0.001">
    </testcase>
    <testcase classname="positionUtils calculatePosition when reference element is on the bottom Align.Left Justify.Fit works" name="positionUtils calculatePosition when reference element is on the bottom Align.Left Justify.Fit works" time="0">
    </testcase>
    <testcase classname="positionUtils calculatePosition when reference element is on the bottom Align.CenterVertical Align.CenterVertical repositions to Align.Start based on available space" name="positionUtils calculatePosition when reference element is on the bottom Align.CenterVertical Align.CenterVertical repositions to Align.Start based on available space" time="0.001">
    </testcase>
    <testcase classname="positionUtils calculatePosition when reference element is on the bottom Align.CenterHorizontal Justify.Start repositions to Justify.End based on available space" name="positionUtils calculatePosition when reference element is on the bottom Align.CenterHorizontal Justify.Start repositions to Justify.End based on available space" time="0">
    </testcase>
    <testcase classname="positionUtils calculatePosition when reference element is on the bottom Align.CenterHorizontal Justify.Middle repositions to Justify.End based on available space" name="positionUtils calculatePosition when reference element is on the bottom Align.CenterHorizontal Justify.Middle repositions to Justify.End based on available space" time="0">
    </testcase>
    <testcase classname="positionUtils calculatePosition when reference element is on the bottom Align.CenterHorizontal Justify.End works" name="positionUtils calculatePosition when reference element is on the bottom Align.CenterHorizontal Justify.End works" time="0">
    </testcase>
    <testcase classname="positionUtils calculatePosition when reference element is on the bottom Align.CenterHorizontal Justify.Fit works" name="positionUtils calculatePosition when reference element is on the bottom Align.CenterHorizontal Justify.Fit works" time="0">
    </testcase>
    <testcase classname="positionUtils calculatePosition when reference element is on the left Align.Top Justify.Start works" name="positionUtils calculatePosition when reference element is on the left Align.Top Justify.Start works" time="0.001">
    </testcase>
    <testcase classname="positionUtils calculatePosition when reference element is on the left Align.Top Justify.Middle repositions to Justify.Start based on available space" name="positionUtils calculatePosition when reference element is on the left Align.Top Justify.Middle repositions to Justify.Start based on available space" time="0.001">
    </testcase>
    <testcase classname="positionUtils calculatePosition when reference element is on the left Align.Top Justify.End repositions to Justify.Start based on available space" name="positionUtils calculatePosition when reference element is on the left Align.Top Justify.End repositions to Justify.Start based on available space" time="0.001">
    </testcase>
    <testcase classname="positionUtils calculatePosition when reference element is on the left Align.Top Justify.Fit works" name="positionUtils calculatePosition when reference element is on the left Align.Top Justify.Fit works" time="0">
    </testcase>
    <testcase classname="positionUtils calculatePosition when reference element is on the left Align.Right Justify.Start works" name="positionUtils calculatePosition when reference element is on the left Align.Right Justify.Start works" time="0.001">
    </testcase>
    <testcase classname="positionUtils calculatePosition when reference element is on the left Align.Right Justify.Middle works" name="positionUtils calculatePosition when reference element is on the left Align.Right Justify.Middle works" time="0">
    </testcase>
    <testcase classname="positionUtils calculatePosition when reference element is on the left Align.Right Justify.End works" name="positionUtils calculatePosition when reference element is on the left Align.Right Justify.End works" time="0">
    </testcase>
    <testcase classname="positionUtils calculatePosition when reference element is on the left Align.Right Justify.Fit works" name="positionUtils calculatePosition when reference element is on the left Align.Right Justify.Fit works" time="0.001">
    </testcase>
    <testcase classname="positionUtils calculatePosition when reference element is on the left Align.Bottom Justify.Start works" name="positionUtils calculatePosition when reference element is on the left Align.Bottom Justify.Start works" time="0">
    </testcase>
    <testcase classname="positionUtils calculatePosition when reference element is on the left Align.Bottom Justify.Middle repositions to Justify.Start based on available space" name="positionUtils calculatePosition when reference element is on the left Align.Bottom Justify.Middle repositions to Justify.Start based on available space" time="0.001">
    </testcase>
    <testcase classname="positionUtils calculatePosition when reference element is on the left Align.Bottom Justify.End repositions to Justify.Start based on available space" name="positionUtils calculatePosition when reference element is on the left Align.Bottom Justify.End repositions to Justify.Start based on available space" time="0">
    </testcase>
    <testcase classname="positionUtils calculatePosition when reference element is on the left Align.Bottom Justify.Fit works" name="positionUtils calculatePosition when reference element is on the left Align.Bottom Justify.Fit works" time="0">
    </testcase>
    <testcase classname="positionUtils calculatePosition when reference element is on the left Align.Left Align.Left repositions to Align.Right based on available space" name="positionUtils calculatePosition when reference element is on the left Align.Left Align.Left repositions to Align.Right based on available space" time="0">
    </testcase>
    <testcase classname="positionUtils calculatePosition when reference element is on the left Align.CenterVertical Justify.Start works" name="positionUtils calculatePosition when reference element is on the left Align.CenterVertical Justify.Start works" time="0">
    </testcase>
    <testcase classname="positionUtils calculatePosition when reference element is on the left Align.CenterVertical Justify.Middle repositions to Justify.Start based on available space" name="positionUtils calculatePosition when reference element is on the left Align.CenterVertical Justify.Middle repositions to Justify.Start based on available space" time="0.001">
    </testcase>
    <testcase classname="positionUtils calculatePosition when reference element is on the left Align.CenterVertical Justify.End repositions to Justify.Start based on available space" name="positionUtils calculatePosition when reference element is on the left Align.CenterVertical Justify.End repositions to Justify.Start based on available space" time="0">
    </testcase>
    <testcase classname="positionUtils calculatePosition when reference element is on the left Align.CenterVertical Justify.Fit works" name="positionUtils calculatePosition when reference element is on the left Align.CenterVertical Justify.Fit works" time="0.001">
    </testcase>
    <testcase classname="positionUtils calculatePosition when reference element is on the left Align.CenterHorizontal Align.CenterHorizontal repositions to Align.Right based on available space" name="positionUtils calculatePosition when reference element is on the left Align.CenterHorizontal Align.CenterHorizontal repositions to Align.Right based on available space" time="0">
    </testcase>
    <testcase classname="positionUtils calculatePosition when reference element is in the center Align.Top Justify.Start works" name="positionUtils calculatePosition when reference element is in the center Align.Top Justify.Start works" time="0.001">
    </testcase>
    <testcase classname="positionUtils calculatePosition when reference element is in the center Align.Top Justify.Middle works" name="positionUtils calculatePosition when reference element is in the center Align.Top Justify.Middle works" time="0">
    </testcase>
    <testcase classname="positionUtils calculatePosition when reference element is in the center Align.Top Justify.End works" name="positionUtils calculatePosition when reference element is in the center Align.Top Justify.End works" time="0">
    </testcase>
    <testcase classname="positionUtils calculatePosition when reference element is in the center Align.Top Justify.Fit works" name="positionUtils calculatePosition when reference element is in the center Align.Top Justify.Fit works" time="0.001">
    </testcase>
    <testcase classname="positionUtils calculatePosition when reference element is in the center Align.Right Justify.Start works" name="positionUtils calculatePosition when reference element is in the center Align.Right Justify.Start works" time="0">
    </testcase>
    <testcase classname="positionUtils calculatePosition when reference element is in the center Align.Right Justify.Middle works" name="positionUtils calculatePosition when reference element is in the center Align.Right Justify.Middle works" time="0.001">
    </testcase>
    <testcase classname="positionUtils calculatePosition when reference element is in the center Align.Right Justify.End works" name="positionUtils calculatePosition when reference element is in the center Align.Right Justify.End works" time="0">
    </testcase>
    <testcase classname="positionUtils calculatePosition when reference element is in the center Align.Right Justify.Fit works" name="positionUtils calculatePosition when reference element is in the center Align.Right Justify.Fit works" time="0.001">
    </testcase>
    <testcase classname="positionUtils calculatePosition when reference element is in the center Align.Bottom Justify.Start works" name="positionUtils calculatePosition when reference element is in the center Align.Bottom Justify.Start works" time="0">
    </testcase>
    <testcase classname="positionUtils calculatePosition when reference element is in the center Align.Bottom Justify.Middle works" name="positionUtils calculatePosition when reference element is in the center Align.Bottom Justify.Middle works" time="0.001">
    </testcase>
    <testcase classname="positionUtils calculatePosition when reference element is in the center Align.Bottom Justify.End works" name="positionUtils calculatePosition when reference element is in the center Align.Bottom Justify.End works" time="0">
    </testcase>
    <testcase classname="positionUtils calculatePosition when reference element is in the center Align.Bottom Justify.Fit works" name="positionUtils calculatePosition when reference element is in the center Align.Bottom Justify.Fit works" time="0">
    </testcase>
    <testcase classname="positionUtils calculatePosition when reference element is in the center Align.Left Justify.Start works" name="positionUtils calculatePosition when reference element is in the center Align.Left Justify.Start works" time="0.001">
    </testcase>
    <testcase classname="positionUtils calculatePosition when reference element is in the center Align.Left Justify.Middle works" name="positionUtils calculatePosition when reference element is in the center Align.Left Justify.Middle works" time="0">
    </testcase>
    <testcase classname="positionUtils calculatePosition when reference element is in the center Align.Left Justify.End works" name="positionUtils calculatePosition when reference element is in the center Align.Left Justify.End works" time="0.001">
    </testcase>
    <testcase classname="positionUtils calculatePosition when reference element is in the center Align.Left Justify.Fit works" name="positionUtils calculatePosition when reference element is in the center Align.Left Justify.Fit works" time="0">
    </testcase>
    <testcase classname="positionUtils calculatePosition when reference element is in the center Align.CenterVertical Justify.Start works" name="positionUtils calculatePosition when reference element is in the center Align.CenterVertical Justify.Start works" time="0">
    </testcase>
    <testcase classname="positionUtils calculatePosition when reference element is in the center Align.CenterVertical Justify.Middle works" name="positionUtils calculatePosition when reference element is in the center Align.CenterVertical Justify.Middle works" time="0.001">
    </testcase>
    <testcase classname="positionUtils calculatePosition when reference element is in the center Align.CenterVertical Justify.End works" name="positionUtils calculatePosition when reference element is in the center Align.CenterVertical Justify.End works" time="0">
    </testcase>
    <testcase classname="positionUtils calculatePosition when reference element is in the center Align.CenterVertical Justify.Fit works" name="positionUtils calculatePosition when reference element is in the center Align.CenterVertical Justify.Fit works" time="0.001">
    </testcase>
    <testcase classname="positionUtils calculatePosition when reference element is in the center Align.CenterHorizontal Justify.Start works" name="positionUtils calculatePosition when reference element is in the center Align.CenterHorizontal Justify.Start works" time="0">
    </testcase>
    <testcase classname="positionUtils calculatePosition when reference element is in the center Align.CenterHorizontal Justify.Middle works" name="positionUtils calculatePosition when reference element is in the center Align.CenterHorizontal Justify.Middle works" time="0.001">
    </testcase>
    <testcase classname="positionUtils calculatePosition when reference element is in the center Align.CenterHorizontal Justify.End works" name="positionUtils calculatePosition when reference element is in the center Align.CenterHorizontal Justify.End works" time="0.001">
    </testcase>
    <testcase classname="positionUtils calculatePosition when reference element is in the center Align.CenterHorizontal Justify.Fit works" name="positionUtils calculatePosition when reference element is in the center Align.CenterHorizontal Justify.Fit works" time="0">
    </testcase>
    <testcase classname="positionUtils calculatePosition when useRelativePositioning is true Align.Top Justify.Start works" name="positionUtils calculatePosition when useRelativePositioning is true Align.Top Justify.Start works" time="0.001">
    </testcase>
    <testcase classname="positionUtils calculatePosition when useRelativePositioning is true Align.Top Justify.Middle works" name="positionUtils calculatePosition when useRelativePositioning is true Align.Top Justify.Middle works" time="0">
    </testcase>
    <testcase classname="positionUtils calculatePosition when useRelativePositioning is true Align.Top Justify.End works" name="positionUtils calculatePosition when useRelativePositioning is true Align.Top Justify.End works" time="0.001">
    </testcase>
    <testcase classname="positionUtils calculatePosition when useRelativePositioning is true Align.Top Justify.Fit works" name="positionUtils calculatePosition when useRelativePositioning is true Align.Top Justify.Fit works" time="0">
    </testcase>
    <testcase classname="positionUtils calculatePosition when useRelativePositioning is true Align.Right Justify.Start works" name="positionUtils calculatePosition when useRelativePositioning is true Align.Right Justify.Start works" time="0.001">
    </testcase>
    <testcase classname="positionUtils calculatePosition when useRelativePositioning is true Align.Right Justify.Middle works" name="positionUtils calculatePosition when useRelativePositioning is true Align.Right Justify.Middle works" time="0">
    </testcase>
    <testcase classname="positionUtils calculatePosition when useRelativePositioning is true Align.Right Justify.End works" name="positionUtils calculatePosition when useRelativePositioning is true Align.Right Justify.End works" time="0.001">
    </testcase>
    <testcase classname="positionUtils calculatePosition when useRelativePositioning is true Align.Right Justify.Fit works" name="positionUtils calculatePosition when useRelativePositioning is true Align.Right Justify.Fit works" time="0">
    </testcase>
    <testcase classname="positionUtils calculatePosition when useRelativePositioning is true Align.Bottom Justify.Start works" name="positionUtils calculatePosition when useRelativePositioning is true Align.Bottom Justify.Start works" time="0.001">
    </testcase>
    <testcase classname="positionUtils calculatePosition when useRelativePositioning is true Align.Bottom Justify.Middle works" name="positionUtils calculatePosition when useRelativePositioning is true Align.Bottom Justify.Middle works" time="0">
    </testcase>
    <testcase classname="positionUtils calculatePosition when useRelativePositioning is true Align.Bottom Justify.End works" name="positionUtils calculatePosition when useRelativePositioning is true Align.Bottom Justify.End works" time="0.001">
    </testcase>
    <testcase classname="positionUtils calculatePosition when useRelativePositioning is true Align.Bottom Justify.Fit works" name="positionUtils calculatePosition when useRelativePositioning is true Align.Bottom Justify.Fit works" time="0">
    </testcase>
    <testcase classname="positionUtils calculatePosition when useRelativePositioning is true Align.Left Justify.Start works" name="positionUtils calculatePosition when useRelativePositioning is true Align.Left Justify.Start works" time="0.001">
    </testcase>
    <testcase classname="positionUtils calculatePosition when useRelativePositioning is true Align.Left Justify.Middle works" name="positionUtils calculatePosition when useRelativePositioning is true Align.Left Justify.Middle works" time="0">
    </testcase>
    <testcase classname="positionUtils calculatePosition when useRelativePositioning is true Align.Left Justify.End works" name="positionUtils calculatePosition when useRelativePositioning is true Align.Left Justify.End works" time="0.001">
    </testcase>
    <testcase classname="positionUtils calculatePosition when useRelativePositioning is true Align.Left Justify.Fit works" name="positionUtils calculatePosition when useRelativePositioning is true Align.Left Justify.Fit works" time="0">
    </testcase>
    <testcase classname="positionUtils calculatePosition when useRelativePositioning is true Align.CenterVertical Justify.Start works" name="positionUtils calculatePosition when useRelativePositioning is true Align.CenterVertical Justify.Start works" time="0.001">
    </testcase>
    <testcase classname="positionUtils calculatePosition when useRelativePositioning is true Align.CenterVertical Justify.Middle works" name="positionUtils calculatePosition when useRelativePositioning is true Align.CenterVertical Justify.Middle works" time="0">
    </testcase>
    <testcase classname="positionUtils calculatePosition when useRelativePositioning is true Align.CenterVertical Justify.End works" name="positionUtils calculatePosition when useRelativePositioning is true Align.CenterVertical Justify.End works" time="0">
    </testcase>
    <testcase classname="positionUtils calculatePosition when useRelativePositioning is true Align.CenterVertical Justify.Fit works" name="positionUtils calculatePosition when useRelativePositioning is true Align.CenterVertical Justify.Fit works" time="0.001">
    </testcase>
    <testcase classname="positionUtils calculatePosition when useRelativePositioning is true Align.CenterHorizontal Justify.Start works" name="positionUtils calculatePosition when useRelativePositioning is true Align.CenterHorizontal Justify.Start works" time="0">
    </testcase>
    <testcase classname="positionUtils calculatePosition when useRelativePositioning is true Align.CenterHorizontal Justify.Middle works" name="positionUtils calculatePosition when useRelativePositioning is true Align.CenterHorizontal Justify.Middle works" time="0.001">
    </testcase>
    <testcase classname="positionUtils calculatePosition when useRelativePositioning is true Align.CenterHorizontal Justify.End works" name="positionUtils calculatePosition when useRelativePositioning is true Align.CenterHorizontal Justify.End works" time="0">
    </testcase>
    <testcase classname="positionUtils calculatePosition when useRelativePositioning is true Align.CenterHorizontal Justify.Fit works" name="positionUtils calculatePosition when useRelativePositioning is true Align.CenterHorizontal Justify.Fit works" time="0.001">
    </testcase>
    <testcase classname="positionUtils getElementDocumentPosition given an element, it returns an object with information about its position" name="positionUtils getElementDocumentPosition given an element, it returns an object with information about its position" time="0.001">
    </testcase>
    <testcase classname="positionUtils getElementViewportPosition given an element, it returns an object with information about its position" name="positionUtils getElementViewportPosition given an element, it returns an object with information about its position" time="0.001">
    </testcase>
  </testsuite>
  <testsuite name="Context" errors="0" failures="0" skipped="4" timestamp="2020-07-29T17:37:36" time="0.719" tests="26">
    <testcase classname="Context still calls `exit` when operation throws exception with sync `enter` and `exit`" name="Context still calls `exit` when operation throws exception with sync `enter` and `exit`" time="0.006">
    </testcase>
    <testcase classname="Context still calls `exit` when operation throws exception with async `enter`" name="Context still calls `exit` when operation throws exception with async `enter`" time="0.001">
    </testcase>
    <testcase classname="Context still calls `exit` when operation throws exception with async `exit`" name="Context still calls `exit` when operation throws exception with async `exit`" time="0.002">
    </testcase>
    <testcase classname="Context still calls `exit` when operation throws exception with async operation" name="Context still calls `exit` when operation throws exception with async operation" time="0.001">
    </testcase>
    <testcase classname="Context operation and `exit` not called if `enter` throws exception with sync `enter` and `exit`" name="Context operation and `exit` not called if `enter` throws exception with sync `enter` and `exit`" time="0.002">
    </testcase>
    <testcase classname="Context operation and `exit` not called if `enter` throws exception with async `enter`" name="Context operation and `exit` not called if `enter` throws exception with async `enter`" time="0.002">
    </testcase>
    <testcase classname="Context operation and `exit` not called if `enter` throws exception with async `exit`" name="Context operation and `exit` not called if `enter` throws exception with async `exit`" time="0">
    </testcase>
    <testcase classname="Context operation and `exit` not called if `enter` throws exception with async operation" name="Context operation and `exit` not called if `enter` throws exception with async operation" time="0.001">
    </testcase>
    <testcase classname="Context when `exit` throws exception with sync `enter` and `exit`" name="Context when `exit` throws exception with sync `enter` and `exit`" time="0.001">
    </testcase>
    <testcase classname="Context when `exit` throws exception with async `enter`" name="Context when `exit` throws exception with async `enter`" time="0.002">
    </testcase>
    <testcase classname="Context when `exit` throws exception with async `exit`" name="Context when `exit` throws exception with async `exit`" time="0.001">
    </testcase>
    <testcase classname="Context when `exit` throws exception with async operation" name="Context when `exit` throws exception with async operation" time="0">
    </testcase>
    <testcase classname="Context when operation and `exit` throws exception with sync `enter` and `exit`" name="Context when operation and `exit` throws exception with sync `enter` and `exit`" time="0.001">
    </testcase>
    <testcase classname="Context when operation and `exit` throws exception with async `enter`" name="Context when operation and `exit` throws exception with async `enter`" time="0.001">
    </testcase>
    <testcase classname="Context when operation and `exit` throws exception with async `exit`" name="Context when operation and `exit` throws exception with async `exit`" time="0">
    </testcase>
    <testcase classname="Context when operation and `exit` throws exception with async operation" name="Context when operation and `exit` throws exception with async operation" time="0.001">
    </testcase>
    <testcase classname="Context types with sync `enter`" name="Context types with sync `enter`" time="0.001">
    </testcase>
    <testcase classname="Context types with async `enter`" name="Context types with async `enter`" time="0">
    </testcase>
    <testcase classname="Context types with sync `exit`" name="Context types with sync `exit`" time="0.001">
    </testcase>
    <testcase classname="Context types with async `exit`" name="Context types with async `exit`" time="0">
    </testcase>
    <testcase classname="Context types with sync `enter` and `exit`" name="Context types with sync `enter` and `exit`" time="0.001">
    </testcase>
    <testcase classname="Context types with async `enter` and `exit`" name="Context types with async `enter` and `exit`" time="0.001">
    </testcase>
    <testcase classname="Context types Missing `enter`" name="Context types Missing `enter`" time="0">
      <skipped/>
    </testcase>
    <testcase classname="Context types Context handle types are consistent" name="Context types Context handle types are consistent" time="0">
      <skipped/>
    </testcase>
    <testcase classname="Context types Context handle types error when `enter` and `exit` disagree" name="Context types Context handle types error when `enter` and `exit` disagree" time="0">
      <skipped/>
    </testcase>
    <testcase classname="Context types Context handle types error when `enter` and provided function disagree" name="Context types Context handle types error when `enter` and provided function disagree" time="0">
      <skipped/>
    </testcase>
  </testsuite>
  <testsuite name="packages/mongo-nav" errors="0" failures="0" skipped="0" timestamp="2020-07-29T17:37:36" time="8.122" tests="33">
    <testcase classname="packages/mongo-nav by default fetch is called" name="packages/mongo-nav by default fetch is called" time="0.36">
    </testcase>
    <testcase classname="packages/mongo-nav by default the organization and project navs are rendered" name="packages/mongo-nav by default the organization and project navs are rendered" time="0.325">
    </testcase>
    <testcase classname="packages/mongo-nav by default current orgId is set based on data returned from fetch" name="packages/mongo-nav by default current orgId is set based on data returned from fetch" time="0.098">
    </testcase>
    <testcase classname="packages/mongo-nav by default current orgName is displayed inside the OrgSelect based on data returned from fetch" name="packages/mongo-nav by default current orgName is displayed inside the OrgSelect based on data returned from fetch" time="0.088">
    </testcase>
    <testcase classname="packages/mongo-nav by default current projectId is set based on data returned from fetch" name="packages/mongo-nav by default current projectId is set based on data returned from fetch" time="0.08">
    </testcase>
    <testcase classname="packages/mongo-nav by default current projectName is displayed inside the ProjectSelect based on data returned from fetch" name="packages/mongo-nav by default current projectName is displayed inside the ProjectSelect based on data returned from fetch" time="0.083">
    </testcase>
    <testcase classname="packages/mongo-nav by default projects displayed in ProjectSelect are only shown if they have the same orgId as the current project" name="packages/mongo-nav by default projects displayed in ProjectSelect are only shown if they have the same orgId as the current project" time="0.161">
    </testcase>
    <testcase classname="packages/mongo-nav by default user is set based on data returned from fetch" name="packages/mongo-nav by default user is set based on data returned from fetch" time="0.082">
    </testcase>
    <testcase classname="packages/mongo-nav by default admin UI is not shown" name="packages/mongo-nav by default admin UI is not shown" time="0.083">
    </testcase>
    <testcase classname="packages/mongo-nav when activeProjectId is supplied fetch is called" name="packages/mongo-nav when activeProjectId is supplied fetch is called" time="0.073">
    </testcase>
    <testcase classname="packages/mongo-nav when activeProjectId is supplied the organization and project navs are rendered" name="packages/mongo-nav when activeProjectId is supplied the organization and project navs are rendered" time="0.116">
    </testcase>
    <testcase classname="packages/mongo-nav when activeProjectId is supplied current orgId is set based on the new activeProjectId" name="packages/mongo-nav when activeProjectId is supplied current orgId is set based on the new activeProjectId" time="0.072">
    </testcase>
    <testcase classname="packages/mongo-nav when activeProjectId is supplied current projectId is set based on the new activeProjectId" name="packages/mongo-nav when activeProjectId is supplied current projectId is set based on the new activeProjectId" time="0.069">
    </testcase>
    <testcase classname="packages/mongo-nav when activeProjectId is supplied current projectName is displayed inside the ProjectSelect based on the new activeProjectId" name="packages/mongo-nav when activeProjectId is supplied current projectName is displayed inside the ProjectSelect based on the new activeProjectId" time="0.059">
    </testcase>
    <testcase classname="packages/mongo-nav when activeOrgId is supplied fetch is called" name="packages/mongo-nav when activeOrgId is supplied fetch is called" time="0.06">
    </testcase>
    <testcase classname="packages/mongo-nav when activeOrgId is supplied the organization and project navs are rendered" name="packages/mongo-nav when activeOrgId is supplied the organization and project navs are rendered" time="0.115">
    </testcase>
    <testcase classname="packages/mongo-nav when activeOrgId is supplied current orgId is set based on the new activeOrgId" name="packages/mongo-nav when activeOrgId is supplied current orgId is set based on the new activeOrgId" time="0.112">
    </testcase>
    <testcase classname="packages/mongo-nav when activeOrgId is supplied current orgName is displayed inside the OrgSelect based on the new activeOrgId" name="packages/mongo-nav when activeOrgId is supplied current orgName is displayed inside the OrgSelect based on the new activeOrgId" time="0.065">
    </testcase>
    <testcase classname="packages/mongo-nav when activeProjectId and activeOrgID are both supplied fetch is called" name="packages/mongo-nav when activeProjectId and activeOrgID are both supplied fetch is called" time="0.06">
    </testcase>
    <testcase classname="packages/mongo-nav when activeProjectId and activeOrgID are both supplied current orgId is set based on the new activeProjectId" name="packages/mongo-nav when activeProjectId and activeOrgID are both supplied current orgId is set based on the new activeProjectId" time="0.057">
    </testcase>
    <testcase classname="packages/mongo-nav when activeProjectId and activeOrgID are both supplied current projectId is set based on the new activeProjectId" name="packages/mongo-nav when activeProjectId and activeOrgID are both supplied current projectId is set based on the new activeProjectId" time="0.059">
    </testcase>
    <testcase classname="packages/mongo-nav when activeProjectId and activeOrgID are both supplied current projectName is displayed inside the ProjectSelect based on the new activeProjectId" name="packages/mongo-nav when activeProjectId and activeOrgID are both supplied current projectName is displayed inside the ProjectSelect based on the new activeProjectId" time="0.059">
    </testcase>
    <testcase classname="packages/mongo-nav UserMenu behaves as expected when cloud is the active platform when the user menu opens, the cloud menu items are displayed" name="packages/mongo-nav UserMenu behaves as expected when cloud is the active platform when the user menu opens, the cloud menu items are displayed" time="0.212">
    </testcase>
    <testcase classname="packages/mongo-nav when user passes host override link is properly constructured based on host override prop" name="packages/mongo-nav when user passes host override link is properly constructured based on host override prop" time="0.063">
    </testcase>
    <testcase classname="packages/mongo-nav when user passes url override link is properly constructured based on host override prop" name="packages/mongo-nav when user passes url override link is properly constructured based on host override prop" time="0.05">
    </testcase>
    <testcase classname="packages/mongo-nav when loadData is set to false the user name is not displayed" name="packages/mongo-nav when loadData is set to false the user name is not displayed" time="0.033">
    </testcase>
    <testcase classname="packages/mongo-nav when loadData is set to false the current project name is not displayed" name="packages/mongo-nav when loadData is set to false the current project name is not displayed" time="0.028">
    </testcase>
    <testcase classname="packages/mongo-nav when loadData is set to false the current organization name is not displayed" name="packages/mongo-nav when loadData is set to false the current organization name is not displayed" time="0.031">
    </testcase>
    <testcase classname="packages/mongo-nav when dataFixtures prop is set prop data overrides default data" name="packages/mongo-nav when dataFixtures prop is set prop data overrides default data" time="0.047">
    </testcase>
    <testcase classname="packages/mongo-nav when dataFixtures prop sets admin as true admin UI is shown" name="packages/mongo-nav when dataFixtures prop sets admin as true admin UI is shown" time="0.136">
    </testcase>
    <testcase classname="packages/mongo-nav when the environment is set to &quot;government&quot; cloud links default to cloud.mongodbgov.com in the org nav" name="packages/mongo-nav when the environment is set to &quot;government&quot; cloud links default to cloud.mongodbgov.com in the org nav" time="0.067">
    </testcase>
    <testcase classname="packages/mongo-nav when the environment is set to &quot;government&quot; cloud links default to cloud.mongodbgov.com in the project nav" name="packages/mongo-nav when the environment is set to &quot;government&quot; cloud links default to cloud.mongodbgov.com in the project nav" time="0.046">
    </testcase>
    <testcase classname="packages/mongo-nav when the environment is set to &quot;government&quot; cloud links default to cloud.mongodbgov.com in the user menu" name="packages/mongo-nav when the environment is set to &quot;government&quot; cloud links default to cloud.mongodbgov.com in the user menu" time="0.087">
    </testcase>
  </testsuite>
  <testsuite name="packages/tooltip" errors="0" failures="0" skipped="0" timestamp="2020-07-29T17:37:44" time="2.565" tests="22">
    <testcase classname="packages/tooltip when uncontrolled renders a button to the DOM with trigger button" name="packages/tooltip when uncontrolled renders a button to the DOM with trigger button" time="0.041">
    </testcase>
    <testcase classname="packages/tooltip when uncontrolled when &quot;triggerEvent&quot; is set to click, clicking trigger opens and closes the tooltip" name="packages/tooltip when uncontrolled when &quot;triggerEvent&quot; is set to click, clicking trigger opens and closes the tooltip" time="0.059">
    </testcase>
    <testcase classname="packages/tooltip when uncontrolled when &quot;triggerEvent&quot; is set to &quot;hover&quot;, hovering on and off the trigger opens and closes the tooltip" name="packages/tooltip when uncontrolled when &quot;triggerEvent&quot; is set to &quot;hover&quot;, hovering on and off the trigger opens and closes the tooltip" time="0.259">
    </testcase>
    <testcase classname="packages/tooltip when uncontrolled tooltip does not open when enabled is &quot;false&quot; when triggerEvent is &quot;hover&quot;" name="packages/tooltip when uncontrolled tooltip does not open when enabled is &quot;false&quot; when triggerEvent is &quot;hover&quot;" time="0.414">
    </testcase>
    <testcase classname="packages/tooltip when uncontrolled tooltip does not open when enabled is &quot;false&quot; when triggerEvent is &quot;click&quot;" name="packages/tooltip when uncontrolled tooltip does not open when enabled is &quot;false&quot; when triggerEvent is &quot;click&quot;" time="0.414">
    </testcase>
    <testcase classname="packages/tooltip when uncontrolled tooltip closes when enabled is set to &quot;false&quot;" name="packages/tooltip when uncontrolled tooltip closes when enabled is set to &quot;false&quot;" time="0.17">
    </testcase>
    <testcase classname="packages/tooltip when uncontrolled backdrop clicks close the tooltip" name="packages/tooltip when uncontrolled backdrop clicks close the tooltip" time="0.019">
    </testcase>
    <testcase classname="packages/tooltip when uncontrolled escape click closes tooltip" name="packages/tooltip when uncontrolled escape click closes tooltip" time="0.081">
    </testcase>
    <testcase classname="packages/tooltip when uncontrolled when &quot;shouldClose&quot; prop is returns true" name="packages/tooltip when uncontrolled when &quot;shouldClose&quot; prop is returns true" time="0.075">
    </testcase>
    <testcase classname="packages/tooltip when uncontrolled when &quot;shouldClose&quot; prop is returns false" name="packages/tooltip when uncontrolled when &quot;shouldClose&quot; prop is returns false" time="0.073">
    </testcase>
    <testcase classname="packages/tooltip when controlled renders initial state based on &quot;open&quot; prop" name="packages/tooltip when controlled renders initial state based on &quot;open&quot; prop" time="0.014">
    </testcase>
    <testcase classname="packages/tooltip when controlled  onClick fires when trigger is clicked" name="packages/tooltip when controlled  onClick fires when trigger is clicked" time="0.008">
    </testcase>
    <testcase classname="packages/tooltip when controlled clicking content inside of tooltip does not force tooltip to close" name="packages/tooltip when controlled clicking content inside of tooltip does not force tooltip to close" time="0.022">
    </testcase>
    <testcase classname="packages/tooltip when trigger is a class-based component renders a button to the DOM" name="packages/tooltip when trigger is a class-based component renders a button to the DOM" time="0.011">
    </testcase>
    <testcase classname="packages/tooltip when trigger is a class-based component component triggers opening and closing of tooltip" name="packages/tooltip when trigger is a class-based component component triggers opening and closing of tooltip" time="0.018">
    </testcase>
    <testcase classname="packages/tooltip when trigger is an inline function renders a button to the DOM with trigger button" name="packages/tooltip when trigger is an inline function renders a button to the DOM with trigger button" time="0.003">
    </testcase>
    <testcase classname="packages/tooltip when trigger is an inline function when &quot;triggerEvent&quot; is click, clicking triggers opening and closing of tooltip" name="packages/tooltip when trigger is an inline function when &quot;triggerEvent&quot; is click, clicking triggers opening and closing of tooltip" time="0.016">
    </testcase>
    <testcase classname="packages/tooltip when trigger contains nested children renders trigger in document" name="packages/tooltip when trigger contains nested children renders trigger in document" time="0.004">
    </testcase>
    <testcase classname="packages/tooltip portals popover content to end of DOM, when &quot;usePortal&quot; is not set" name="packages/tooltip portals popover content to end of DOM, when &quot;usePortal&quot; is not set" time="0.008">
    </testcase>
    <testcase classname="packages/tooltip does not portal popover content to end of DOM when &quot;usePortal&quot; is false" name="packages/tooltip does not portal popover content to end of DOM when &quot;usePortal&quot; is false" time="0.008">
    </testcase>
    <testcase classname="packages/tooltip applies &quot;portalClassName&quot; to root of portal" name="packages/tooltip applies &quot;portalClassName&quot; to root of portal" time="0.008">
    </testcase>
    <testcase classname="packages/tooltip does not allow specifying &quot;portalClassName&quot;, when &quot;usePortal&quot; is false" name="packages/tooltip does not allow specifying &quot;portalClassName&quot;, when &quot;usePortal&quot; is false" time="0.005">
    </testcase>
  </testsuite>
  <testsuite name="packages/mongo-nav/src/org-nav" errors="0" failures="0" skipped="0" timestamp="2020-07-29T17:37:47" time="4.039" tests="104">
    <testcase classname="packages/mongo-nav/src/org-nav when rendered with default props does not display the payment status badge" name="packages/mongo-nav/src/org-nav when rendered with default props does not display the payment status badge" time="0.107">
    </testcase>
    <testcase classname="packages/mongo-nav/src/org-nav when rendered with default props does not display the version" name="packages/mongo-nav/src/org-nav when rendered with default props does not display the version" time="0.026">
    </testcase>
    <testcase classname="packages/mongo-nav/src/org-nav when rendered with default props displays the UserMenu and does not display the onPrem User Menu" name="packages/mongo-nav/src/org-nav when rendered with default props displays the UserMenu and does not display the onPrem User Menu" time="0.112">
    </testcase>
    <testcase classname="packages/mongo-nav/src/org-nav when rendered with default props displays the Support nav" name="packages/mongo-nav/src/org-nav when rendered with default props displays the Support nav" time="0.045">
    </testcase>
    <testcase classname="packages/mongo-nav/src/org-nav when rendered with default props displays the Billing nav" name="packages/mongo-nav/src/org-nav when rendered with default props displays the Billing nav" time="0.038">
    </testcase>
    <testcase classname="packages/mongo-nav/src/org-nav when rendered with default props displays the All Clusters nav" name="packages/mongo-nav/src/org-nav when rendered with default props displays the All Clusters nav" time="0.037">
    </testcase>
    <testcase classname="packages/mongo-nav/src/org-nav when rendered with default props does not display the Admin nav" name="packages/mongo-nav/src/org-nav when rendered with default props does not display the Admin nav" time="0.017">
    </testcase>
    <testcase classname="packages/mongo-nav/src/org-nav when rendered with default props it does not render the FedRAMP banner" name="packages/mongo-nav/src/org-nav when rendered with default props it does not render the FedRAMP banner" time="0.017">
    </testcase>
    <testcase classname="packages/mongo-nav/src/org-nav when rendered as an admin without an active preferences nav displays the payment status badge" name="packages/mongo-nav/src/org-nav when rendered as an admin without an active preferences nav displays the payment status badge" time="0.038">
    </testcase>
    <testcase classname="packages/mongo-nav/src/org-nav when rendered as an admin without an active preferences nav displays the Support nav" name="packages/mongo-nav/src/org-nav when rendered as an admin without an active preferences nav displays the Support nav" time="0.034">
    </testcase>
    <testcase classname="packages/mongo-nav/src/org-nav when rendered as an admin without an active preferences nav displays the Billing nav" name="packages/mongo-nav/src/org-nav when rendered as an admin without an active preferences nav displays the Billing nav" time="0.039">
    </testcase>
    <testcase classname="packages/mongo-nav/src/org-nav when rendered as an admin without an active preferences nav displays the All Clusters nav" name="packages/mongo-nav/src/org-nav when rendered as an admin without an active preferences nav displays the All Clusters nav" time="0.047">
    </testcase>
    <testcase classname="packages/mongo-nav/src/org-nav when rendered as an admin without an active preferences nav displays the Admin nav" name="packages/mongo-nav/src/org-nav when rendered as an admin without an active preferences nav displays the Admin nav" time="0.056">
    </testcase>
    <testcase classname="packages/mongo-nav/src/org-nav when rendered as an admin with an active preferences nav when the element userMenuCloudInvitations is active does not display the payment status badge" name="packages/mongo-nav/src/org-nav when rendered as an admin with an active preferences nav when the element userMenuCloudInvitations is active does not display the payment status badge" time="0.036">
    </testcase>
    <testcase classname="packages/mongo-nav/src/org-nav when rendered as an admin with an active preferences nav when the element userMenuCloudInvitations is active does not display the version" name="packages/mongo-nav/src/org-nav when rendered as an admin with an active preferences nav when the element userMenuCloudInvitations is active does not display the version" time="0.018">
    </testcase>
    <testcase classname="packages/mongo-nav/src/org-nav when rendered as an admin with an active preferences nav when the element userMenuCloudInvitations is active does not display the Support nav" name="packages/mongo-nav/src/org-nav when rendered as an admin with an active preferences nav when the element userMenuCloudInvitations is active does not display the Support nav" time="0.016">
    </testcase>
    <testcase classname="packages/mongo-nav/src/org-nav when rendered as an admin with an active preferences nav when the element userMenuCloudInvitations is active does not display the Billing nav" name="packages/mongo-nav/src/org-nav when rendered as an admin with an active preferences nav when the element userMenuCloudInvitations is active does not display the Billing nav" time="0.013">
    </testcase>
    <testcase classname="packages/mongo-nav/src/org-nav when rendered as an admin with an active preferences nav when the element userMenuCloudInvitations is active displays the All Clusters nav" name="packages/mongo-nav/src/org-nav when rendered as an admin with an active preferences nav when the element userMenuCloudInvitations is active displays the All Clusters nav" time="0.044">
    </testcase>
    <testcase classname="packages/mongo-nav/src/org-nav when rendered as an admin with an active preferences nav when the element userMenuCloudInvitations is active displays the Admin nav" name="packages/mongo-nav/src/org-nav when rendered as an admin with an active preferences nav when the element userMenuCloudInvitations is active displays the Admin nav" time="0.039">
    </testcase>
    <testcase classname="packages/mongo-nav/src/org-nav when rendered as an admin with an active preferences nav when the element userMenuCloudMFA is active does not display the payment status badge" name="packages/mongo-nav/src/org-nav when rendered as an admin with an active preferences nav when the element userMenuCloudMFA is active does not display the payment status badge" time="0.012">
    </testcase>
    <testcase classname="packages/mongo-nav/src/org-nav when rendered as an admin with an active preferences nav when the element userMenuCloudMFA is active does not display the version" name="packages/mongo-nav/src/org-nav when rendered as an admin with an active preferences nav when the element userMenuCloudMFA is active does not display the version" time="0.013">
    </testcase>
    <testcase classname="packages/mongo-nav/src/org-nav when rendered as an admin with an active preferences nav when the element userMenuCloudMFA is active does not display the Support nav" name="packages/mongo-nav/src/org-nav when rendered as an admin with an active preferences nav when the element userMenuCloudMFA is active does not display the Support nav" time="0.011">
    </testcase>
    <testcase classname="packages/mongo-nav/src/org-nav when rendered as an admin with an active preferences nav when the element userMenuCloudMFA is active does not display the Billing nav" name="packages/mongo-nav/src/org-nav when rendered as an admin with an active preferences nav when the element userMenuCloudMFA is active does not display the Billing nav" time="0.012">
    </testcase>
    <testcase classname="packages/mongo-nav/src/org-nav when rendered as an admin with an active preferences nav when the element userMenuCloudMFA is active displays the All Clusters nav" name="packages/mongo-nav/src/org-nav when rendered as an admin with an active preferences nav when the element userMenuCloudMFA is active displays the All Clusters nav" time="0.039">
    </testcase>
    <testcase classname="packages/mongo-nav/src/org-nav when rendered as an admin with an active preferences nav when the element userMenuCloudMFA is active displays the Admin nav" name="packages/mongo-nav/src/org-nav when rendered as an admin with an active preferences nav when the element userMenuCloudMFA is active displays the Admin nav" time="0.036">
    </testcase>
    <testcase classname="packages/mongo-nav/src/org-nav when rendered as an admin with an active preferences nav when the element userMenuCloudOrganizations is active does not display the payment status badge" name="packages/mongo-nav/src/org-nav when rendered as an admin with an active preferences nav when the element userMenuCloudOrganizations is active does not display the payment status badge" time="0.013">
    </testcase>
    <testcase classname="packages/mongo-nav/src/org-nav when rendered as an admin with an active preferences nav when the element userMenuCloudOrganizations is active does not display the version" name="packages/mongo-nav/src/org-nav when rendered as an admin with an active preferences nav when the element userMenuCloudOrganizations is active does not display the version" time="0.015">
    </testcase>
    <testcase classname="packages/mongo-nav/src/org-nav when rendered as an admin with an active preferences nav when the element userMenuCloudOrganizations is active does not display the Support nav" name="packages/mongo-nav/src/org-nav when rendered as an admin with an active preferences nav when the element userMenuCloudOrganizations is active does not display the Support nav" time="0.012">
    </testcase>
    <testcase classname="packages/mongo-nav/src/org-nav when rendered as an admin with an active preferences nav when the element userMenuCloudOrganizations is active does not display the Billing nav" name="packages/mongo-nav/src/org-nav when rendered as an admin with an active preferences nav when the element userMenuCloudOrganizations is active does not display the Billing nav" time="0.018">
    </testcase>
    <testcase classname="packages/mongo-nav/src/org-nav when rendered as an admin with an active preferences nav when the element userMenuCloudOrganizations is active displays the All Clusters nav" name="packages/mongo-nav/src/org-nav when rendered as an admin with an active preferences nav when the element userMenuCloudOrganizations is active displays the All Clusters nav" time="0.037">
    </testcase>
    <testcase classname="packages/mongo-nav/src/org-nav when rendered as an admin with an active preferences nav when the element userMenuCloudOrganizations is active displays the Admin nav" name="packages/mongo-nav/src/org-nav when rendered as an admin with an active preferences nav when the element userMenuCloudOrganizations is active displays the Admin nav" time="0.036">
    </testcase>
    <testcase classname="packages/mongo-nav/src/org-nav when rendered as an admin with an active preferences nav when the element userMenuCloudOther is active does not display the payment status badge" name="packages/mongo-nav/src/org-nav when rendered as an admin with an active preferences nav when the element userMenuCloudOther is active does not display the payment status badge" time="0.012">
    </testcase>
    <testcase classname="packages/mongo-nav/src/org-nav when rendered as an admin with an active preferences nav when the element userMenuCloudOther is active does not display the version" name="packages/mongo-nav/src/org-nav when rendered as an admin with an active preferences nav when the element userMenuCloudOther is active does not display the version" time="0.012">
    </testcase>
    <testcase classname="packages/mongo-nav/src/org-nav when rendered as an admin with an active preferences nav when the element userMenuCloudOther is active does not display the Support nav" name="packages/mongo-nav/src/org-nav when rendered as an admin with an active preferences nav when the element userMenuCloudOther is active does not display the Support nav" time="0.012">
    </testcase>
    <testcase classname="packages/mongo-nav/src/org-nav when rendered as an admin with an active preferences nav when the element userMenuCloudOther is active does not display the Billing nav" name="packages/mongo-nav/src/org-nav when rendered as an admin with an active preferences nav when the element userMenuCloudOther is active does not display the Billing nav" time="0.01">
    </testcase>
    <testcase classname="packages/mongo-nav/src/org-nav when rendered as an admin with an active preferences nav when the element userMenuCloudOther is active displays the All Clusters nav" name="packages/mongo-nav/src/org-nav when rendered as an admin with an active preferences nav when the element userMenuCloudOther is active displays the All Clusters nav" time="0.033">
    </testcase>
    <testcase classname="packages/mongo-nav/src/org-nav when rendered as an admin with an active preferences nav when the element userMenuCloudOther is active displays the Admin nav" name="packages/mongo-nav/src/org-nav when rendered as an admin with an active preferences nav when the element userMenuCloudOther is active displays the Admin nav" time="0.03">
    </testcase>
    <testcase classname="packages/mongo-nav/src/org-nav when rendered as an admin with an active preferences nav when the element userMenuCloudUserPreferences is active does not display the payment status badge" name="packages/mongo-nav/src/org-nav when rendered as an admin with an active preferences nav when the element userMenuCloudUserPreferences is active does not display the payment status badge" time="0.012">
    </testcase>
    <testcase classname="packages/mongo-nav/src/org-nav when rendered as an admin with an active preferences nav when the element userMenuCloudUserPreferences is active does not display the version" name="packages/mongo-nav/src/org-nav when rendered as an admin with an active preferences nav when the element userMenuCloudUserPreferences is active does not display the version" time="0.013">
    </testcase>
    <testcase classname="packages/mongo-nav/src/org-nav when rendered as an admin with an active preferences nav when the element userMenuCloudUserPreferences is active does not display the Support nav" name="packages/mongo-nav/src/org-nav when rendered as an admin with an active preferences nav when the element userMenuCloudUserPreferences is active does not display the Support nav" time="0.012">
    </testcase>
    <testcase classname="packages/mongo-nav/src/org-nav when rendered as an admin with an active preferences nav when the element userMenuCloudUserPreferences is active does not display the Billing nav" name="packages/mongo-nav/src/org-nav when rendered as an admin with an active preferences nav when the element userMenuCloudUserPreferences is active does not display the Billing nav" time="0.011">
    </testcase>
    <testcase classname="packages/mongo-nav/src/org-nav when rendered as an admin with an active preferences nav when the element userMenuCloudUserPreferences is active displays the All Clusters nav" name="packages/mongo-nav/src/org-nav when rendered as an admin with an active preferences nav when the element userMenuCloudUserPreferences is active displays the All Clusters nav" time="0.03">
    </testcase>
    <testcase classname="packages/mongo-nav/src/org-nav when rendered as an admin with an active preferences nav when the element userMenuCloudUserPreferences is active displays the Admin nav" name="packages/mongo-nav/src/org-nav when rendered as an admin with an active preferences nav when the element userMenuCloudUserPreferences is active displays the Admin nav" time="0.038">
    </testcase>
    <testcase classname="packages/mongo-nav/src/org-nav when rendered without project nav shows project access as disabled" name="packages/mongo-nav/src/org-nav when rendered without project nav shows project access as disabled" time="0.065">
    </testcase>
    <testcase classname="packages/mongo-nav/src/org-nav when rendered onPrem does not display the payment status badge" name="packages/mongo-nav/src/org-nav when rendered onPrem does not display the payment status badge" time="0.022">
    </testcase>
    <testcase classname="packages/mongo-nav/src/org-nav when rendered onPrem displays the version" name="packages/mongo-nav/src/org-nav when rendered onPrem displays the version" time="0.043">
    </testcase>
    <testcase classname="packages/mongo-nav/src/org-nav when rendered onPrem does not display the UserMenu and displays the onPrem User Menu" name="packages/mongo-nav/src/org-nav when rendered onPrem does not display the UserMenu and displays the onPrem User Menu" time="0.05">
    </testcase>
    <testcase classname="packages/mongo-nav/src/org-nav when rendered onPrem does not display the MFA option" name="packages/mongo-nav/src/org-nav when rendered onPrem does not display the MFA option" time="0.064">
    </testcase>
    <testcase classname="packages/mongo-nav/src/org-nav when rendered onPrem displays the Support nav" name="packages/mongo-nav/src/org-nav when rendered onPrem displays the Support nav" time="0.041">
    </testcase>
    <testcase classname="packages/mongo-nav/src/org-nav when rendered onPrem does not display the Billing nav" name="packages/mongo-nav/src/org-nav when rendered onPrem does not display the Billing nav" time="0.018">
    </testcase>
    <testcase classname="packages/mongo-nav/src/org-nav when rendered onPrem displays the All Clusters nav" name="packages/mongo-nav/src/org-nav when rendered onPrem displays the All Clusters nav" time="0.042">
    </testcase>
    <testcase classname="packages/mongo-nav/src/org-nav when rendered onPrem does not display the Admin nav" name="packages/mongo-nav/src/org-nav when rendered onPrem does not display the Admin nav" time="0.017">
    </testcase>
    <testcase classname="packages/mongo-nav/src/org-nav when rendered onPrem and onPremMFA is true displays the MFA option" name="packages/mongo-nav/src/org-nav when rendered onPrem and onPremMFA is true displays the MFA option" time="0.041">
    </testcase>
    <testcase classname="packages/mongo-nav/src/org-nav when rendered onPrem and admin is set to true displays the Support nav" name="packages/mongo-nav/src/org-nav when rendered onPrem and admin is set to true displays the Support nav" time="0.038">
    </testcase>
    <testcase classname="packages/mongo-nav/src/org-nav when rendered onPrem and admin is set to true does not display the Billing nav" name="packages/mongo-nav/src/org-nav when rendered onPrem and admin is set to true does not display the Billing nav" time="0.018">
    </testcase>
    <testcase classname="packages/mongo-nav/src/org-nav when rendered onPrem and admin is set to true displays the All Clusters nav" name="packages/mongo-nav/src/org-nav when rendered onPrem and admin is set to true displays the All Clusters nav" time="0.043">
    </testcase>
    <testcase classname="packages/mongo-nav/src/org-nav when rendered onPrem and admin is set to true displays the Admin nav" name="packages/mongo-nav/src/org-nav when rendered onPrem and admin is set to true displays the Admin nav" time="0.043">
    </testcase>
    <testcase classname="packages/mongo-nav/src/org-nav when rendered as an ops manager admin with an active account nav when the element userMenuOnPremInvitations is active does not display the payment status badge" name="packages/mongo-nav/src/org-nav when rendered as an ops manager admin with an active account nav when the element userMenuOnPremInvitations is active does not display the payment status badge" time="0.015">
    </testcase>
    <testcase classname="packages/mongo-nav/src/org-nav when rendered as an ops manager admin with an active account nav when the element userMenuOnPremInvitations is active displays the version" name="packages/mongo-nav/src/org-nav when rendered as an ops manager admin with an active account nav when the element userMenuOnPremInvitations is active displays the version" time="0.044">
    </testcase>
    <testcase classname="packages/mongo-nav/src/org-nav when rendered as an ops manager admin with an active account nav when the element userMenuOnPremInvitations is active does not display the Support nav" name="packages/mongo-nav/src/org-nav when rendered as an ops manager admin with an active account nav when the element userMenuOnPremInvitations is active does not display the Support nav" time="0.01">
    </testcase>
    <testcase classname="packages/mongo-nav/src/org-nav when rendered as an ops manager admin with an active account nav when the element userMenuOnPremInvitations is active does not display the Billing nav" name="packages/mongo-nav/src/org-nav when rendered as an ops manager admin with an active account nav when the element userMenuOnPremInvitations is active does not display the Billing nav" time="0.012">
    </testcase>
    <testcase classname="packages/mongo-nav/src/org-nav when rendered as an ops manager admin with an active account nav when the element userMenuOnPremInvitations is active displays the All Clusters nav" name="packages/mongo-nav/src/org-nav when rendered as an ops manager admin with an active account nav when the element userMenuOnPremInvitations is active displays the All Clusters nav" time="0.035">
    </testcase>
    <testcase classname="packages/mongo-nav/src/org-nav when rendered as an ops manager admin with an active account nav when the element userMenuOnPremInvitations is active displays the Admin nav" name="packages/mongo-nav/src/org-nav when rendered as an ops manager admin with an active account nav when the element userMenuOnPremInvitations is active displays the Admin nav" time="0.075">
    </testcase>
    <testcase classname="packages/mongo-nav/src/org-nav when rendered as an ops manager admin with an active account nav when the element userMenuOnPremOrganizations is active does not display the payment status badge" name="packages/mongo-nav/src/org-nav when rendered as an ops manager admin with an active account nav when the element userMenuOnPremOrganizations is active does not display the payment status badge" time="0.026">
    </testcase>
    <testcase classname="packages/mongo-nav/src/org-nav when rendered as an ops manager admin with an active account nav when the element userMenuOnPremOrganizations is active displays the version" name="packages/mongo-nav/src/org-nav when rendered as an ops manager admin with an active account nav when the element userMenuOnPremOrganizations is active displays the version" time="0.067">
    </testcase>
[...]
    </testcase>
  </testsuite>
  <testsuite name="packages/Syntax" errors="0" failures="0" skipped="0" timestamp="2020-07-29T17:38:19" time="1.559" tests="5">
    <testcase classname="packages/Syntax when multiline is true root element renders as a &lt;pre&gt; tag" name="packages/Syntax when multiline is true root element renders as a &lt;pre&gt; tag" time="0.006">
    </testcase>
    <testcase classname="packages/Syntax when multiline is true renders &quot;test-class&quot; in the root element&apos;s classList" name="packages/Syntax when multiline is true renders &quot;test-class&quot; in the root element&apos;s classList" time="0.001">
    </testcase>
    <testcase classname="packages/Syntax when multiline is false code wrapper element renders as a &lt;div&gt; tag" name="packages/Syntax when multiline is false code wrapper element renders as a &lt;div&gt; tag" time="0.001">
    </testcase>
    <testcase classname="packages/Syntax when multiline is false renders &quot;test-class&quot; in the root element&apos;s classList" name="packages/Syntax when multiline is false renders &quot;test-class&quot; in the root element&apos;s classList" time="0.004">
    </testcase>
    <testcase classname="packages/Syntax when copyable is true onCopy callback is fired when code is copied" name="packages/Syntax when copyable is true onCopy callback is fired when code is copied" time="0.1">
    </testcase>
  </testsuite>
  <testsuite name="packages/modal" errors="0" failures="0" skipped="0" timestamp="2020-07-29T17:38:21" time="0.674" tests="8">
    <testcase classname="packages/modal when the &quot;open&quot; prop is true renders modal to the DOM" name="packages/modal when the &quot;open&quot; prop is true renders modal to the DOM" time="0.046">
    </testcase>
    <testcase classname="packages/modal when the &quot;open&quot; prop is true renders the content as expected" name="packages/modal when the &quot;open&quot; prop is true renders the content as expected" time="0.032">
    </testcase>
    <testcase classname="packages/modal when the &quot;open&quot; prop is true closes modal when escape key is pressed" name="packages/modal when the &quot;open&quot; prop is true closes modal when escape key is pressed" time="0.005">
    </testcase>
    <testcase classname="packages/modal when the &quot;open&quot; prop is true when &quot;shouldClose&quot; prop returns false" name="packages/modal when the &quot;open&quot; prop is true when &quot;shouldClose&quot; prop returns false" time="0.012">
    </testcase>
    <testcase classname="packages/modal when the &quot;open&quot; prop is true when &quot;shouldClose&quot; returns true" name="packages/modal when the &quot;open&quot; prop is true when &quot;shouldClose&quot; returns true" time="0.005">
    </testcase>
    <testcase classname="packages/modal when the &quot;open&quot; prop is true when &quot;closeOnBackdropClick&quot; is false" name="packages/modal when the &quot;open&quot; prop is true when &quot;closeOnBackdropClick&quot; is false" time="0.005">
    </testcase>
    <testcase classname="packages/modal when the &quot;open&quot; prop is true when the &quot;closeOnBackdropClick&quot; is true" name="packages/modal when the &quot;open&quot; prop is true when the &quot;closeOnBackdropClick&quot; is true" time="0.004">
    </testcase>
    <testcase classname="packages/modal when &quot;open&quot; prop is false does not render to the DOM" name="packages/modal when &quot;open&quot; prop is false does not render to the DOM" time="0.001">
    </testcase>
  </testsuite>
  <testsuite name="packages/icon-button" errors="0" failures="0" skipped="0" timestamp="2020-07-29T17:38:21" time="0.559" tests="7">
    <testcase classname="packages/icon-button renders test-icon-button-class in the classList" name="packages/icon-button renders test-icon-button-class in the classList" time="0.025">
    </testcase>
    <testcase classname="packages/icon-button fires the onClick handler when the IconButton is clicked" name="packages/icon-button fires the onClick handler when the IconButton is clicked" time="0.01">
    </testcase>
    <testcase classname="packages/icon-button renders inside a button tag by default" name="packages/icon-button renders inside a button tag by default" time="0.003">
    </testcase>
    <testcase classname="packages/icon-button renders icon as button content" name="packages/icon-button renders icon as button content" time="0.003">
    </testcase>
    <testcase classname="packages/icon-button the rendered icon doesn&apos;t include a title tag" name="packages/icon-button the rendered icon doesn&apos;t include a title tag" time="0.011">
    </testcase>
    <testcase classname="packages/icon-button renders inside an anchor tag when the href prop is set" name="packages/icon-button renders inside an anchor tag when the href prop is set" time="0.003">
    </testcase>
    <testcase classname="packages/icon-button when &apos;My title&apos; is set directly as the title child icon, the rendered icon includes a title tag with the text content, &apos;My title&apos;" name="packages/icon-button when &apos;My title&apos; is set directly as the title child icon, the rendered icon includes a title tag with the text content, &apos;My title&apos;" time="0.003">
    </testcase>
  </testsuite>
  <testsuite name="packages/lib" errors="0" failures="0" skipped="0" timestamp="2020-07-29T17:38:22" time="0.278" tests="3">
    <testcase classname="packages/lib OneOf Basic usage" name="packages/lib OneOf Basic usage" time="0.001">
    </testcase>
    <testcase classname="packages/lib OneOf Overlapping properties" name="packages/lib OneOf Overlapping properties" time="0.001">
    </testcase>
    <testcase classname="packages/lib OneOf Optional properties" name="packages/lib OneOf Optional properties" time="0">
    </testcase>
  </testsuite>
  <testsuite name="packages/popover" errors="0" failures="0" skipped="0" timestamp="2020-07-29T17:38:22" time="0.702" tests="7">
    <testcase classname="packages/popover displays popover when the &quot;active&quot; prop is set" name="packages/popover displays popover when the &quot;active&quot; prop is set" time="0.043">
    </testcase>
    <testcase classname="packages/popover does not display popover when &quot;active&quot; prop is not set" name="packages/popover does not display popover when &quot;active&quot; prop is not set" time="0.016">
    </testcase>
    <testcase classname="packages/popover portals popover content to end of DOM, when &quot;usePortal&quot; is not set" name="packages/popover portals popover content to end of DOM, when &quot;usePortal&quot; is not set" time="0.023">
    </testcase>
    <testcase classname="packages/popover does not portal popover content to end of DOM when &quot;usePortal&quot; is false" name="packages/popover does not portal popover content to end of DOM when &quot;usePortal&quot; is false" time="0.021">
    </testcase>
    <testcase classname="packages/popover applies &quot;portalClassName&quot; to root of portal" name="packages/popover applies &quot;portalClassName&quot; to root of portal" time="0.045">
    </testcase>
    <testcase classname="packages/popover does not allow specifying &quot;portalClassName&quot;, when &quot;usePortal&quot; is false" name="packages/popover does not allow specifying &quot;portalClassName&quot;, when &quot;usePortal&quot; is false" time="0.035">
    </testcase>
    <testcase classname="packages/popover removes Popover instance on unmount" name="packages/popover removes Popover instance on unmount" time="0.02">
    </testcase>
  </testsuite>
  <testsuite name="packages/pipeline/utils/isElementOverflowed" errors="0" failures="0" skipped="0" timestamp="2020-07-29T17:38:23" time="0.358" tests="4">
    <testcase classname="packages/pipeline/utils/isElementOverflowed returns the &quot;true&quot; when the element is overflowed horizontally" name="packages/pipeline/utils/isElementOverflowed returns the &quot;true&quot; when the element is overflowed horizontally" time="0.003">
    </testcase>
    <testcase classname="packages/pipeline/utils/isElementOverflowed returns the &quot;false&quot; when the element is not overflowed horizontally" name="packages/pipeline/utils/isElementOverflowed returns the &quot;false&quot; when the element is not overflowed horizontally" time="0">
    </testcase>
    <testcase classname="packages/pipeline/utils/isElementOverflowed returns the &quot;true&quot; when the element is overflowed vertically" name="packages/pipeline/utils/isElementOverflowed returns the &quot;true&quot; when the element is overflowed vertically" time="0.001">
    </testcase>
    <testcase classname="packages/pipeline/utils/isElementOverflowed returns the &quot;false&quot; when the element is not overflowed vertically" name="packages/pipeline/utils/isElementOverflowed returns the &quot;false&quot; when the element is not overflowed vertically" time="0">
    </testcase>
  </testsuite>
  <testsuite name="packages/callout" errors="0" failures="0" skipped="0" timestamp="2020-07-29T17:38:23" time="0.76" tests="7">
    <testcase classname="packages/callout for variant note renders icon &quot;InfoWithCircle&quot; and label &quot;Note&quot; in header&quot;" name="packages/callout for variant note renders icon &quot;InfoWithCircle&quot; and label &quot;Note&quot; in header&quot;" time="0.061">
    </testcase>
    <testcase classname="packages/callout for variant tip renders icon &quot;Bulb&quot; and label &quot;Tip&quot; in header&quot;" name="packages/callout for variant tip renders icon &quot;Bulb&quot; and label &quot;Tip&quot; in header&quot;" time="0.04">
    </testcase>
    <testcase classname="packages/callout for variant important renders icon &quot;ImportantWithCircle&quot; and label &quot;Important&quot; in header&quot;" name="packages/callout for variant important renders icon &quot;ImportantWithCircle&quot; and label &quot;Important&quot; in header&quot;" time="0.032">
    </testcase>
    <testcase classname="packages/callout for variant warning renders icon &quot;Warning&quot; and label &quot;Warning&quot; in header&quot;" name="packages/callout for variant warning renders icon &quot;Warning&quot; and label &quot;Warning&quot; in header&quot;" time="0.034">
    </testcase>
    <testcase classname="packages/callout renders class name in classList: &quot;test-classname&quot;" name="packages/callout renders class name in classList: &quot;test-classname&quot;" time="0.013">
    </testcase>
    <testcase classname="packages/callout renders contents: &quot;this is the callout content.&quot;" name="packages/callout renders contents: &quot;this is the callout content.&quot;" time="0.015">
    </testcase>
    <testcase classname="packages/callout renders title: &quot;this is the callout title&quot;" name="packages/callout renders title: &quot;this is the callout title&quot;" time="0.013">
    </testcase>
  </testsuite>
  <testsuite name="packages/Syntax" errors="0" failures="0" skipped="0" timestamp="2020-07-29T17:38:24" time="0.648" tests="3">
    <testcase classname="packages/Syntax renders &quot;test-class&quot; in the code element&apos;s classList" name="packages/Syntax renders &quot;test-class&quot; in the code element&apos;s classList" time="0.042">
    </testcase>
    <testcase classname="packages/Syntax doesn&apos;t highlight code when language is &apos;none&apos;" name="packages/Syntax doesn&apos;t highlight code when language is &apos;none&apos;" time="0.006">
    </testcase>
    <testcase classname="packages/Syntax highlights code when language is &apos;javascript&apos;" name="packages/Syntax highlights code when language is &apos;javascript&apos;" time="0.02">
    </testcase>
  </testsuite>
  <testsuite name="packages/pipeline/Pipeline" errors="0" failures="0" skipped="0" timestamp="2020-07-29T17:38:25" time="1.25" tests="2">
    <testcase classname="packages/pipeline/Pipeline renders &quot;test-pipeline-class&quot; in the stage&apos;s classList" name="packages/pipeline/Pipeline renders &quot;test-pipeline-class&quot; in the stage&apos;s classList" time="0.064">
    </testcase>
    <testcase classname="packages/pipeline/Pipeline renders each child as a Stage" name="packages/pipeline/Pipeline renders each child as a Stage" time="0.024">
    </testcase>
  </testsuite>
  <testsuite name="packages/Card" errors="0" failures="0" skipped="0" timestamp="2020-07-29T17:38:26" time="0.524" tests="4">
    <testcase classname="packages/Card renders &quot;card-className&quot; in the cards&apos;s classList" name="packages/Card renders &quot;card-className&quot; in the cards&apos;s classList" time="0.005">
    </testcase>
    <testcase classname="packages/Card renders &quot;this is my card component&quot; as the cards&apos;s textContent" name="packages/Card renders &quot;this is my card component&quot; as the cards&apos;s textContent" time="0">
    </testcase>
    <testcase classname="packages/Card renders inside of a div tag by default" name="packages/Card renders inside of a div tag by default" time="0.001">
    </testcase>
    <testcase classname="packages/Card renders component inside of a React Element/HTML tag based on as prop" name="packages/Card renders component inside of a React Element/HTML tag based on as prop" time="0.005">
    </testcase>
  </testsuite>
  <testsuite name="packages/leafygreen-provider/TypographyContext" errors="0" failures="0" skipped="0" timestamp="2020-07-29T17:38:27" time="0.52" tests="3">
    <testcase classname="packages/leafygreen-provider/TypographyContext without a provider, by default useBaseFontSize returns 14" name="packages/leafygreen-provider/TypographyContext without a provider, by default useBaseFontSize returns 14" time="0.022">
    </testcase>
    <testcase classname="packages/leafygreen-provider/TypographyContext with a provider, by default useBaseFontSize returns 14" name="packages/leafygreen-provider/TypographyContext with a provider, by default useBaseFontSize returns 14" time="0.014">
    </testcase>
    <testcase classname="packages/leafygreen-provider/TypographyContext when baseFontSize prop is set to 16, useBaseFontSize returns 16" name="packages/leafygreen-provider/TypographyContext when baseFontSize prop is set to 16, useBaseFontSize returns 16" time="0.005">
    </testcase>
  </testsuite>
  <testsuite name="packages/radio" errors="0" failures="0" skipped="0" timestamp="2020-07-29T17:38:27" time="0.596" tests="3">
    <testcase classname="packages/radio renders &quot;radio-test-class&quot; in the labels&apos;s class list" name="packages/radio renders &quot;radio-test-class&quot; in the labels&apos;s class list" time="0.024">
    </testcase>
    <testcase classname="packages/radio renders disabled radio when disabled prop is set" name="packages/radio renders disabled radio when disabled prop is set" time="0.007">
    </testcase>
    <testcase classname="packages/radio radio is checked when value is set" name="packages/radio radio is checked when value is set" time="0.006">
    </testcase>
  </testsuite>
  <testsuite name="packages/palette" errors="0" failures="0" skipped="0" timestamp="2020-07-29T17:38:28" time="0.35" tests="2">
    <testcase classname="packages/palette all colors have only expected hues" name="packages/palette all colors have only expected hues" time="0.006">
    </testcase>
    <testcase classname="packages/palette all colors have all required hues" name="packages/palette all colors have all required hues" time="0.002">
    </testcase>
  </testsuite>
  <testsuite name="packages/palette" errors="0" failures="0" skipped="0" timestamp="2020-07-29T17:38:28" time="0.298" tests="2">
    <testcase classname="packages/palette all colors have only expected hues" name="packages/palette all colors have only expected hues" time="0.006">
    </testcase>
    <testcase classname="packages/palette all colors have all required hues" name="packages/palette all colors have all required hues" time="0.003">
    </testcase>
  </testsuite>
  <testsuite name="packages/pipeline/utils/getPipelineCounterTooltip" errors="0" failures="0" skipped="0" timestamp="2020-07-29T17:38:28" time="0.247" tests="4">
    <testcase classname="packages/pipeline/utils/getPipelineCounterTooltip returns the correct tooltip text when given &quot;undefined&quot;" name="packages/pipeline/utils/getPipelineCounterTooltip returns the correct tooltip text when given &quot;undefined&quot;" time="0.002">
    </testcase>
    <testcase classname="packages/pipeline/utils/getPipelineCounterTooltip returns the correct tooltip text when given &quot;null&quot;" name="packages/pipeline/utils/getPipelineCounterTooltip returns the correct tooltip text when given &quot;null&quot;" time="0">
    </testcase>
    <testcase classname="packages/pipeline/utils/getPipelineCounterTooltip returns the correct tooltip text when given a &quot;string&quot;" name="packages/pipeline/utils/getPipelineCounterTooltip returns the correct tooltip text when given a &quot;string&quot;" time="0.001">
    </testcase>
    <testcase classname="packages/pipeline/utils/getPipelineCounterTooltip returns the correct tooltip text when given an &quot;array&quot; of &quot;strings&quot;" name="packages/pipeline/utils/getPipelineCounterTooltip returns the correct tooltip text when given an &quot;array&quot; of &quot;strings&quot;" time="0.001">
    </testcase>
  </testsuite>
  <testsuite name="packages/Badge" errors="0" failures="0" skipped="0" timestamp="2020-07-29T17:38:29" time="0.434" tests="2">
    <testcase classname="packages/Badge renders &quot;test-pill-class&quot; in the badge&apos;s classList" name="packages/Badge renders &quot;test-pill-class&quot; in the badge&apos;s classList" time="0.005">
    </testcase>
    <testcase classname="packages/Badge renders &quot;Bubble Pill&quot; as the badge&apos;s textContent" name="packages/Badge renders &quot;Bubble Pill&quot; as the badge&apos;s textContent" time="0.001">
    </testcase>
  </testsuite>
  <testsuite name="packages/pipeline/Counter" errors="0" failures="0" skipped="0" timestamp="2020-07-29T17:38:29" time="0.432" tests="1">
    <testcase classname="packages/pipeline/Counter renders &quot;test-counter-class&quot; in the stage&apos;s classList" name="packages/pipeline/Counter renders &quot;test-counter-class&quot; in the stage&apos;s classList" time="0.026">
    </testcase>
  </testsuite>
  <testsuite name="packages/pipeline/utils/isStageElement" errors="0" failures="0" skipped="0" timestamp="2020-07-29T17:38:30" time="0.326" tests="2">
    <testcase classname="packages/pipeline/utils/isStageElement returns &quot;true&quot; if the element is a &quot;Stage&quot; element" name="packages/pipeline/utils/isStageElement returns &quot;true&quot; if the element is a &quot;Stage&quot; element" time="0.004">
    </testcase>
    <testcase classname="packages/pipeline/utils/isStageElement returns &quot;false&quot; if the element is NOT a &quot;Stage&quot; element" name="packages/pipeline/utils/isStageElement returns &quot;false&quot; if the element is NOT a &quot;Stage&quot; element" time="0.001">
    </testcase>
  </testsuite>
  <testsuite name="packages/Syntax" errors="0" failures="0" skipped="0" timestamp="2020-07-29T17:38:30" time="0.589" tests="1">
    <testcase classname="packages/Syntax renders chrome/title.js within the simulated window chrome" name="packages/Syntax renders chrome/title.js within the simulated window chrome" time="0.004">
    </testcase>
  </testsuite>
  <testsuite name="packages/leafygreen-provider/LeafyGreenProvider" errors="0" failures="0" skipped="0" timestamp="2020-07-29T17:38:31" time="0.589" tests="1">
    <testcase classname="packages/leafygreen-provider/LeafyGreenProvider only renders children in the DOM" name="packages/leafygreen-provider/LeafyGreenProvider only renders children in the DOM" time="0.007">
    </testcase>
  </testsuite>
</testsuites>